[13:16:07] [Server thread/INFO]: Starting minecraft server version 1.12.2
[13:16:07] [Server thread/INFO]: Loading properties
[13:16:07] [Server thread/INFO]: Default game type: SURVIVAL
[13:16:07] [Server thread/INFO]: This server is running CraftBukkit version git-Spigot-dcd1643-e60fc34 (MC: 1.12.2) (Implementing API version 1.12.2-R0.1-SNAPSHOT)
[13:16:08] [Server thread/INFO]: Server Ping Player Sample Count: 12
[13:16:08] [Server thread/INFO]: Using 4 threads for Netty based IO
[13:16:08] [Server thread/INFO]: Debug logging is disabled
[13:16:08] [Server thread/INFO]: Generating keypair
[13:16:08] [Server thread/INFO]: Starting Minecraft server on *:25565
[13:16:08] [Server thread/INFO]: Using default channel type
[13:16:14] [Server thread/INFO]: Set PluginClassLoader as parallel capable
[13:16:14] [Server thread/INFO]: [NametagEdit] Loading NametagEdit v4.4.0
[13:16:14] [Server thread/INFO]: [Vault] Loading Vault v1.7.3-b131
[13:16:14] [Server thread/INFO]: [Essentials] Loading Essentials v2.18.1.0
[13:16:14] [Server thread/INFO]: [EssentialsProtect] Loading EssentialsProtect v2.18.1.0
[13:16:14] [Server thread/INFO]: [EssentialsSpawn] Loading EssentialsSpawn v2.18.1.0
[13:16:14] [Server thread/INFO]: [PlaceholderAPI] Loading PlaceholderAPI v2.10.9
[13:16:14] [Server thread/INFO]: [GroupManager] Loading GroupManager v3.3
[13:16:14] [Server thread/INFO]: [EssentialsChat] Loading EssentialsChat v2.18.1.0
[13:16:14] [Server thread/INFO]: [ProtocolLib] Loading ProtocolLib v4.5.1
[13:16:15] [Server thread/INFO]: [Multiverse-Core] Loading Multiverse-Core v2.5.0-b727
[13:16:15] [Server thread/INFO]: [EssentialsAntiBuild] Loading EssentialsAntiBuild v2.18.1.0
[13:16:15] [Server thread/INFO]: [MiaoBoard] Loading MiaoBoard v2.5.0-git-fdf05fc1c0c21b8fb30cf99ccb58d20e396ebfc7
[13:16:15] [Server thread/INFO]: [Vault] Enabling Vault v1.7.3-b131
[13:16:15] [Server thread/INFO]: [Vault] [Economy] Essentials Economy found: Waiting
[13:16:15] [Server thread/INFO]: [Vault] [Permission] GroupManager found: Waiting
[13:16:15] [Server thread/INFO]: [Vault] [Permission] SuperPermissions loaded as backup permission system.
[13:16:15] [Server thread/INFO]: [Vault] [Chat] GroupManager found: Waiting
[13:16:15] [Server thread/INFO]: [Vault] Enabled Version 1.7.3-b131
[13:16:15] [Server thread/INFO]: [ProtocolLib] Enabling ProtocolLib v4.5.1
[13:16:15] [Server thread/INFO]: [ProtocolLib] Started structure compiler thread.
[13:16:15] [Server thread/INFO]: **** Beginning UUID conversion, this may take A LONG time ****
[13:16:15] [Server thread/INFO]: Preparing level "world"
[13:16:15] [Server thread/INFO]: -------- World Settings For [world] --------
[13:16:15] [Server thread/INFO]: Nerfing mobs spawned from spawners: false
[13:16:15] [Server thread/INFO]: Experience Merge Radius: 3.0
[13:16:15] [Server thread/INFO]: View Distance: 10
[13:16:15] [Server thread/INFO]: Arrow Despawn Rate: 1200
[13:16:15] [Server thread/INFO]: Allow Zombie Pigmen to spawn from portal blocks: true
[13:16:15] [Server thread/INFO]: Item Merge Radius: 2.5
[13:16:15] [Server thread/INFO]: Item Despawn Rate: 6000
[13:16:15] [Server thread/INFO]: Zombie Aggressive Towards Villager: true
[13:16:15] [Server thread/INFO]: Cactus Growth Modifier: 100%
[13:16:15] [Server thread/INFO]: Cane Growth Modifier: 100%
[13:16:15] [Server thread/INFO]: Melon Growth Modifier: 100%
[13:16:15] [Server thread/INFO]: Mushroom Growth Modifier: 100%
[13:16:15] [Server thread/INFO]: Pumpkin Growth Modifier: 100%
[13:16:15] [Server thread/INFO]: Sapling Growth Modifier: 100%
[13:16:15] [Server thread/INFO]: Wheat Growth Modifier: 100%
[13:16:15] [Server thread/INFO]: NetherWart Growth Modifier: 100%
[13:16:15] [Server thread/INFO]: Vine Growth Modifier: 100%
[13:16:15] [Server thread/INFO]: Cocoa Growth Modifier: 100%
[13:16:15] [Server thread/INFO]: Mob Spawn Range: 4
[13:16:15] [Server thread/INFO]: Entity Activation Range: An 32 / Mo 32 / Mi 16 / Tiv true
[13:16:15] [Server thread/INFO]: Max TNT Explosions: 100
[13:16:15] [Server thread/INFO]: Hopper Transfer: 8 Hopper Check: 1 Hopper Amount: 1
[13:16:15] [Server thread/INFO]: Entity Tracking Range: Pl 48 / An 48 / Mo 48 / Mi 32 / Other 64
[13:16:15] [Server thread/INFO]: Random Lighting Updates: false
[13:16:15] [Server thread/INFO]: Structure Info Saving: true
[13:16:15] [Server thread/INFO]: Tile Max Tick Time: 50ms Entity max Tick Time: 50ms
[13:16:15] [Server thread/INFO]: Custom Map Seeds:  Village: 10387312 Feature: 14357617 Monument: 10387313 Slime: 987234911
[13:16:16] [Server thread/INFO]: -------- World Settings For [world_nether] --------
[13:16:16] [Server thread/INFO]: Nerfing mobs spawned from spawners: false
[13:16:16] [Server thread/INFO]: Experience Merge Radius: 3.0
[13:16:16] [Server thread/INFO]: View Distance: 10
[13:16:16] [Server thread/INFO]: Arrow Despawn Rate: 1200
[13:16:16] [Server thread/INFO]: Allow Zombie Pigmen to spawn from portal blocks: true
[13:16:16] [Server thread/INFO]: Item Merge Radius: 2.5
[13:16:16] [Server thread/INFO]: Item Despawn Rate: 6000
[13:16:16] [Server thread/INFO]: Zombie Aggressive Towards Villager: true
[13:16:16] [Server thread/INFO]: Cactus Growth Modifier: 100%
[13:16:16] [Server thread/INFO]: Cane Growth Modifier: 100%
[13:16:16] [Server thread/INFO]: Melon Growth Modifier: 100%
[13:16:16] [Server thread/INFO]: Mushroom Growth Modifier: 100%
[13:16:16] [Server thread/INFO]: Pumpkin Growth Modifier: 100%
[13:16:16] [Server thread/INFO]: Sapling Growth Modifier: 100%
[13:16:16] [Server thread/INFO]: Wheat Growth Modifier: 100%
[13:16:16] [Server thread/INFO]: NetherWart Growth Modifier: 100%
[13:16:16] [Server thread/INFO]: Vine Growth Modifier: 100%
[13:16:16] [Server thread/INFO]: Cocoa Growth Modifier: 100%
[13:16:16] [Server thread/INFO]: Mob Spawn Range: 4
[13:16:16] [Server thread/INFO]: Entity Activation Range: An 32 / Mo 32 / Mi 16 / Tiv true
[13:16:16] [Server thread/INFO]: Max TNT Explosions: 100
[13:16:16] [Server thread/INFO]: Hopper Transfer: 8 Hopper Check: 1 Hopper Amount: 1
[13:16:16] [Server thread/INFO]: Entity Tracking Range: Pl 48 / An 48 / Mo 48 / Mi 32 / Other 64
[13:16:16] [Server thread/INFO]: Random Lighting Updates: false
[13:16:16] [Server thread/INFO]: Structure Info Saving: true
[13:16:16] [Server thread/INFO]: Tile Max Tick Time: 50ms Entity max Tick Time: 50ms
[13:16:16] [Server thread/INFO]: Custom Map Seeds:  Village: 10387312 Feature: 14357617 Monument: 10387313 Slime: 987234911
[13:16:16] [Server thread/INFO]: -------- World Settings For [world_the_end] --------
[13:16:16] [Server thread/INFO]: Nerfing mobs spawned from spawners: false
[13:16:16] [Server thread/INFO]: Experience Merge Radius: 3.0
[13:16:16] [Server thread/INFO]: View Distance: 10
[13:16:16] [Server thread/INFO]: Arrow Despawn Rate: 1200
[13:16:16] [Server thread/INFO]: Allow Zombie Pigmen to spawn from portal blocks: true
[13:16:16] [Server thread/INFO]: Item Merge Radius: 2.5
[13:16:16] [Server thread/INFO]: Item Despawn Rate: 6000
[13:16:16] [Server thread/INFO]: Zombie Aggressive Towards Villager: true
[13:16:16] [Server thread/INFO]: Cactus Growth Modifier: 100%
[13:16:16] [Server thread/INFO]: Cane Growth Modifier: 100%
[13:16:16] [Server thread/INFO]: Melon Growth Modifier: 100%
[13:16:16] [Server thread/INFO]: Mushroom Growth Modifier: 100%
[13:16:16] [Server thread/INFO]: Pumpkin Growth Modifier: 100%
[13:16:16] [Server thread/INFO]: Sapling Growth Modifier: 100%
[13:16:16] [Server thread/INFO]: Wheat Growth Modifier: 100%
[13:16:16] [Server thread/INFO]: NetherWart Growth Modifier: 100%
[13:16:16] [Server thread/INFO]: Vine Growth Modifier: 100%
[13:16:16] [Server thread/INFO]: Cocoa Growth Modifier: 100%
[13:16:16] [Server thread/INFO]: Mob Spawn Range: 4
[13:16:16] [Server thread/INFO]: Entity Activation Range: An 32 / Mo 32 / Mi 16 / Tiv true
[13:16:16] [Server thread/INFO]: Max TNT Explosions: 100
[13:16:16] [Server thread/INFO]: Hopper Transfer: 8 Hopper Check: 1 Hopper Amount: 1
[13:16:16] [Server thread/INFO]: Entity Tracking Range: Pl 48 / An 48 / Mo 48 / Mi 32 / Other 64
[13:16:16] [Server thread/INFO]: Random Lighting Updates: false
[13:16:16] [Server thread/INFO]: Structure Info Saving: true
[13:16:16] [Server thread/INFO]: Tile Max Tick Time: 50ms Entity max Tick Time: 50ms
[13:16:16] [Server thread/INFO]: Custom Map Seeds:  Village: 10387312 Feature: 14357617 Monument: 10387313 Slime: 987234911
[13:16:16] [Server thread/INFO]: Preparing start region for level 0 (Seed: -239708890072615011)
